
                         Lattice Mapping Report File

Design:  lab2_mk_top
Family:  iCE40UP
Device:  iCE40UP5K
Package: SG48
Performance Grade:  High-Performance_1.2V

Mapper:    version Radiant Software (64-bit) 2024.2.0.3.0
Mapped on: Wed Sep 10 04:22:59 2025

Design Information
------------------

Command line:   map -pdc
     C:/Users/mkan/Documents/GitHub/e155-lab2/lab2/pin_assignments.pdc -i
     lab2_impl_1_syn.udb -o lab2_impl_1_map.udb -mp lab2_impl_1.mrp -hierrpt
     -gui -msgset C:/Users/mkan/Documents/GitHub/e155-lab2/lab2/promote.xml

Design Summary
--------------

   Number of slice registers:  19 out of  5280 (<1%)
   Number of I/O registers:     13 out of   117 (11%)
   Number of LUT4s:            41 out of  5280 (1%)
      Number of logic LUT4s:              21
      Number of ripple logic:             10 (20 LUT4s)
   Number of IO sites used:   22 out of 39 (56%)
      Number of IO sites used for general PIO: 22
      Number of IO sites used for I3C: 0 out of 2 (0%)
      (note: If I3C is not used, its site can be used as general PIO)
      Number of IO sites used for PIO+I3C: 22 out of 36 (61%)
      Number of IO sites used for OD+RGB IO buffers: 0 out of 3 (0%)
      (note: If RGB LED drivers are not used, sites can be used as OD outputs,
       see TN1288 iCE40 LED Driver Usage Guide)
      Number of IO sites used for PIO+I3C+OD+RGB: 22 out of 39 (56%)
   Number of DSPs:             0 out of 8 (0%)
   Number of I2Cs:             0 out of 2 (0%)
   Number of High Speed OSCs:  1 out of 1 (100%)
   Number of Low Speed OSCs:   0 out of 1 (0%)
   Number of RGB PWM:          0 out of 1 (0%)
   Number of RGB Drivers:      0 out of 1 (0%)
   Number of SCL FILTERs:      0 out of 2 (0%)
   Number of SRAMs:            0 out of 4 (0%)
   Number of WARMBOOTs:        0 out of 1 (0%)
   Number of SPIs:             0 out of 2 (0%)
   Number of EBRs:             0 out of 30 (0%)
   Number of PLLs:             0 out of 1 (0%)
   Number of Clocks:  1
      Net clk: 24 loads, 24 rising, 0 falling (Driver: Pin
     hf_osc.osc_inst/CLKHF)
   Number of Clock Enables:  1
      Net VCC_net: 1 loads, 0 SLICEs
   Number of LSRs:  1
      Net led_int_4__N_2: 1 loads, 1 SLICEs
   Top 10 highest fanout non-clock nets:
      Net clk_div: 7 loads
      Net driver.s_in[0]: 7 loads
      Net driver.s_in[1]: 7 loads
      Net driver.s_in[2]: 7 loads
      Net driver.s_in[3]: 7 loads

                                    Page 1





Design Summary (cont)
---------------------
      Net s0_c_0: 4 loads
      Net s0_c_2: 4 loads
      Net s1_c_0: 4 loads
      Net s1_c_2: 4 loads
      Net s1_c_3: 4 loads





   Number of warnings:  0
   Number of criticals: 0
   Number of errors:    0

Design Errors/Criticals/Warnings
--------------------------------

   No error, critical, or warning presents.

IO (PIO) Attributes
-------------------

+---------------------+-----------+-----------+-------+-------+-----------+
| IO Name             | Direction | Levelmode |  IO   |  IO   | Special   |
|                     |           |  IO_TYPE  |  REG  |  DDR  | IO Buffer |
+---------------------+-----------+-----------+-------+-------+-----------+
| s1[0]               | INPUT     |           |       |       |           |
+---------------------+-----------+-----------+-------+-------+-----------+
| s1[1]               | INPUT     |           |       |       |           |
+---------------------+-----------+-----------+-------+-------+-----------+
| s1[2]               | INPUT     |           |       |       |           |
+---------------------+-----------+-----------+-------+-------+-----------+
| s1[3]               | INPUT     |           |       |       |           |
+---------------------+-----------+-----------+-------+-------+-----------+
| s0[0]               | INPUT     |           |       |       |           |
+---------------------+-----------+-----------+-------+-------+-----------+
| s0[1]               | INPUT     |           |       |       |           |
+---------------------+-----------+-----------+-------+-------+-----------+
| s0[2]               | INPUT     |           |       |       |           |
+---------------------+-----------+-----------+-------+-------+-----------+
| s0[3]               | INPUT     |           |       |       |           |
+---------------------+-----------+-----------+-------+-------+-----------+
| anode1              | OUTPUT    |           | O     |       |           |
+---------------------+-----------+-----------+-------+-------+-----------+
| anode0              | OUTPUT    |           | O     |       |           |
+---------------------+-----------+-----------+-------+-------+-----------+
| seg[0]              | OUTPUT    |           | O     |       |           |
+---------------------+-----------+-----------+-------+-------+-----------+
| seg[1]              | OUTPUT    |           | O     |       |           |
+---------------------+-----------+-----------+-------+-------+-----------+
| seg[2]              | OUTPUT    |           | O     |       |           |
+---------------------+-----------+-----------+-------+-------+-----------+
| seg[3]              | OUTPUT    |           | O     |       |           |
+---------------------+-----------+-----------+-------+-------+-----------+
| seg[4]              | OUTPUT    |           | O     |       |           |
+---------------------+-----------+-----------+-------+-------+-----------+
| seg[5]              | OUTPUT    |           | O     |       |           |
+---------------------+-----------+-----------+-------+-------+-----------+

                                    Page 2





IO (PIO) Attributes (cont)
--------------------------
| seg[6]              | OUTPUT    |           | O     |       |           |
+---------------------+-----------+-----------+-------+-------+-----------+
| led[0]              | OUTPUT    |           | O     |       |           |
+---------------------+-----------+-----------+-------+-------+-----------+
| led[1]              | OUTPUT    |           | O     |       |           |
+---------------------+-----------+-----------+-------+-------+-----------+
| led[2]              | OUTPUT    |           | O     |       |           |
+---------------------+-----------+-----------+-------+-------+-----------+
| led[3]              | OUTPUT    |           | O     |       |           |
+---------------------+-----------+-----------+-------+-------+-----------+
| led[4]              | OUTPUT    |           |       |       |           |
+---------------------+-----------+-----------+-------+-------+-----------+

Removed logic
-------------

Block i1 was optimized away.

OSC Summary
-----------

OSC 1:                                 Pin/Node Value
  OSC Instance Name:                            hf_osc.osc_inst
  Power UP:                            NODE     VCC_net
  Enable Signal:                       NODE     VCC_net
  OSC Output:                          NODE     clk
  DIV Setting:                                  01

ASIC Components
---------------

Instance Name: anode1_i1
         Type: IOLOGIC
Instance Name: seg_i7
         Type: IOLOGIC
Instance Name: seg_i6
         Type: IOLOGIC
Instance Name: anode0_i0
         Type: IOLOGIC
Instance Name: seg_i5
         Type: IOLOGIC
Instance Name: seg_i4
         Type: IOLOGIC
Instance Name: seg_i3
         Type: IOLOGIC
Instance Name: seg_i2
         Type: IOLOGIC
Instance Name: seg_i1
         Type: IOLOGIC
Instance Name: led_i4
         Type: IOLOGIC
Instance Name: led_i3
         Type: IOLOGIC
Instance Name: led_i2
         Type: IOLOGIC
Instance Name: led_i1
         Type: IOLOGIC

                                    Page 3





ASIC Components (cont)
----------------------
Instance Name: hf_osc.osc_inst
         Type: HFOSC

Constraint Summary
------------------

   Total number of constraints: 31
   Total number of constraints dropped: 0

Run Time and Memory Usage
-------------------------

   Total CPU Time: 0 secs
   Total REAL Time: 0 secs
   Peak Memory Usage: 68 MB
Checksum -- map: 90c00005cbe662833d323c966fc185e0b96c039b










































                                    Page 4


Copyright (c) 1991-1994 by NeoCAD Inc. All rights reserved.
Copyright (c) 1995
     AT&T Corp.   All rights reserved.
Copyright (c) 1995-2001 Lucent
     Technologies Inc.  All rights reserved.
Copyright (c) 2001 Agere Systems
     All rights reserved.
Copyright (c) 2002-2024 Lattice Semiconductor
     Corporation,  All rights reserved.
